[0605/215322.864:ERROR:crash_report_database_win.cc(469)] failed to stat report
[0605/222005.207:ERROR:crash_report_database_win.cc(469)] failed to stat report
[0605/223005.215:ERROR:crash_report_database_win.cc(469)] failed to stat report
[0605/223005.256:ERROR:crash_report_database_win.cc(469)] failed to stat report
[0605/224643.921:ERROR:crash_report_database_win.cc(469)] failed to stat report
[0605/225643.916:ERROR:crash_report_database_win.cc(469)] failed to stat report
[0605/225643.948:ERROR:crash_report_database_win.cc(469)] failed to stat report
[0605/230143.972:ERROR:crash_report_database_win.cc(469)] failed to stat report
[0605/231644.006:ERROR:crash_report_database_win.cc(469)] failed to stat report
[0605/233144.045:ERROR:crash_report_database_win.cc(469)] failed to stat report
[0605/234644.096:ERROR:crash_report_database_win.cc(469)] failed to stat report
[0605/235223.536:ERROR:process_info.cc(359)] UncheckedAllocate
[0605/235223.563:ERROR:crash_report_database_win.cc(469)] failed to stat report
[0605/235223.625:ERROR:crash_report_database_win.cc(469)] failed to stat report
[0605/235223.655:ERROR:crash_report_database_win.cc(469)] failed to stat report
[0605/235223.686:ERROR:crash_report_database_win.cc(469)] failed to stat report
[0606/000220.779:ERROR:crash_report_database_win.cc(469)] failed to stat report
[0606/000633.757:ERROR:process_info.cc(359)] UncheckedAllocate
[0606/000633.789:ERROR:crash_report_database_win.cc(469)] failed to stat report
[0606/000633.844:ERROR:crash_report_database_win.cc(469)] failed to stat report
[0606/000633.873:ERROR:crash_report_database_win.cc(469)] failed to stat report
[0606/000633.908:ERROR:crash_report_database_win.cc(469)] failed to stat report
[0606/000649.188:ERROR:crash_report_database_win.cc(469)] failed to stat report
[0606/000649.262:ERROR:crash_report_database_win.cc(469)] failed to stat report
[0606/000649.289:ERROR:crash_report_database_win.cc(469)] failed to stat report
[0606/000649.342:ERROR:crash_report_database_win.cc(469)] failed to stat report
[0606/000711.251:ERROR:process_info.cc(359)] UncheckedAllocate
[0606/000711.282:ERROR:crash_report_database_win.cc(469)] failed to stat report
[0606/000711.319:ERROR:crash_report_database_win.cc(469)] failed to stat report
[0606/000711.352:ERROR:crash_report_database_win.cc(469)] failed to stat report
[0606/000711.384:ERROR:crash_report_database_win.cc(469)] failed to stat report
[0606/001220.780:ERROR:crash_report_database_win.cc(469)] failed to stat report
[0606/001220.816:ERROR:crash_report_database_win.cc(469)] failed to stat report
[0606/001220.853:ERROR:crash_report_database_win.cc(469)] failed to stat report
[0606/001220.886:ERROR:crash_report_database_win.cc(469)] failed to stat report
[0606/002211.401:ERROR:crash_report_database_win.cc(469)] failed to stat report
[0606/003711.435:ERROR:crash_report_database_win.cc(469)] failed to stat report
[0606/005002.353:ERROR:crash_report_database_win.cc(469)] failed to stat report
[0606/005002.406:ERROR:crash_report_database_win.cc(469)] failed to stat report
[0606/005002.440:ERROR:crash_report_database_win.cc(469)] failed to stat report
[0606/005002.470:ERROR:crash_report_database_win.cc(469)] failed to stat report
[0606/024548.049:ERROR:crash_report_database_win.cc(469)] failed to stat report
[0606/141950.794:ERROR:crash_report_database_win.cc(469)] failed to stat report
[0606/162842.617:ERROR:crash_report_database_win.cc(469)] failed to stat report
[0606/162857.792:ERROR:crash_report_database_win.cc(469)] failed to stat report
[0606/162857.849:ERROR:crash_report_database_win.cc(469)] failed to stat report
[0606/162857.889:ERROR:crash_report_database_win.cc(469)] failed to stat report
[0606/162857.925:ERROR:crash_report_database_win.cc(469)] failed to stat report
[0606/163842.617:ERROR:crash_report_database_win.cc(469)] failed to stat report
[0606/163842.633:ERROR:crash_report_database_win.cc(469)] failed to stat report
[0606/163842.664:ERROR:crash_report_database_win.cc(469)] failed to stat report
[0606/163842.695:ERROR:crash_report_database_win.cc(469)] failed to stat report
[0606/163843.058:ERROR:crash_report_database_win.cc(469)] failed to stat report
[0606/164254.181:ERROR:process_info.cc(359)] UncheckedAllocate
[0606/164254.214:ERROR:crash_report_database_win.cc(469)] failed to stat report
[0606/164254.266:ERROR:crash_report_database_win.cc(469)] failed to stat report
[0606/164254.297:ERROR:crash_report_database_win.cc(469)] failed to stat report
[0606/164254.337:ERROR:crash_report_database_win.cc(469)] failed to stat report
[0606/165754.355:ERROR:crash_report_database_win.cc(469)] failed to stat report
[0606/170519.991:ERROR:process_info.cc(359)] UncheckedAllocate
[0606/170520.015:ERROR:crash_report_database_win.cc(469)] failed to stat report
[0606/170520.068:ERROR:crash_report_database_win.cc(469)] failed to stat report
[0606/170520.094:ERROR:crash_report_database_win.cc(469)] failed to stat report
[0606/170520.124:ERROR:crash_report_database_win.cc(469)] failed to stat report
[0606/170526.456:ERROR:file_io.cc(134)] WriteFile: There is not enough space on the disk. (0x70)
[0606/170526.457:ERROR:file_io.cc(134)] WriteFile: There is not enough space on the disk. (0x70)
[0606/170526.457:ERROR:file_io.cc(134)] WriteFile: There is not enough space on the disk. (0x70)
[0606/170526.457:ERROR:file_io.cc(134)] WriteFile: There is not enough space on the disk. (0x70)
[0606/170526.457:ERROR:file_io.cc(134)] WriteFile: There is not enough space on the disk. (0x70)
[0606/170526.457:ERROR:file_io.cc(134)] WriteFile: There is not enough space on the disk. (0x70)
[0606/170526.457:ERROR:file_io.cc(134)] WriteFile: There is not enough space on the disk. (0x70)
[0606/170526.458:ERROR:file_io.cc(134)] WriteFile: There is not enough space on the disk. (0x70)
[0606/170526.458:ERROR:file_io.cc(134)] WriteFile: There is not enough space on the disk. (0x70)
[0606/170526.458:ERROR:file_io.cc(134)] WriteFile: There is not enough space on the disk. (0x70)
[0606/170526.458:ERROR:file_io.cc(134)] WriteFile: There is not enough space on the disk. (0x70)
[0606/170526.458:ERROR:file_io.cc(134)] WriteFile: There is not enough space on the disk. (0x70)
[0606/170526.458:ERROR:file_io.cc(134)] WriteFile: There is not enough space on the disk. (0x70)
[0606/170526.458:ERROR:file_io.cc(134)] WriteFile: There is not enough space on the disk. (0x70)
[0606/170526.458:ERROR:file_io.cc(134)] WriteFile: There is not enough space on the disk. (0x70)
[0606/170526.458:ERROR:file_io.cc(134)] WriteFile: There is not enough space on the disk. (0x70)
[0606/170526.458:ERROR:file_io.cc(134)] WriteFile: There is not enough space on the disk. (0x70)
[0606/170526.458:ERROR:file_io.cc(134)] WriteFile: There is not enough space on the disk. (0x70)
[0606/170526.459:ERROR:file_io.cc(134)] WriteFile: There is not enough space on the disk. (0x70)
[0606/170526.459:ERROR:file_io.cc(134)] WriteFile: There is not enough space on the disk. (0x70)
[0606/170526.459:ERROR:file_io.cc(134)] WriteFile: There is not enough space on the disk. (0x70)
[0606/170526.459:ERROR:file_io.cc(134)] WriteFile: There is not enough space on the disk. (0x70)
[0606/170526.459:ERROR:file_io.cc(134)] WriteFile: There is not enough space on the disk. (0x70)
[0606/170526.459:ERROR:file_io.cc(134)] WriteFile: There is not enough space on the disk. (0x70)
[0606/170526.459:ERROR:file_io.cc(134)] WriteFile: There is not enough space on the disk. (0x70)
[0606/170526.459:ERROR:file_io.cc(134)] WriteFile: There is not enough space on the disk. (0x70)
[0606/170526.459:ERROR:file_io.cc(134)] WriteFile: There is not enough space on the disk. (0x70)
[0606/170526.459:ERROR:file_io.cc(134)] WriteFile: There is not enough space on the disk. (0x70)
[0606/170526.460:ERROR:file_io.cc(134)] WriteFile: There is not enough space on the disk. (0x70)
[0606/170526.460:ERROR:file_io.cc(134)] WriteFile: There is not enough space on the disk. (0x70)
[0606/170526.460:ERROR:file_io.cc(134)] WriteFile: There is not enough space on the disk. (0x70)
[0606/170526.460:ERROR:file_io.cc(134)] WriteFile: There is not enough space on the disk. (0x70)
[0606/170526.460:ERROR:file_io.cc(134)] WriteFile: There is not enough space on the disk. (0x70)
[0606/170526.460:ERROR:file_io.cc(134)] WriteFile: There is not enough space on the disk. (0x70)
[0606/170526.460:ERROR:file_io.cc(134)] WriteFile: There is not enough space on the disk. (0x70)
[0606/170526.460:ERROR:file_io.cc(134)] WriteFile: There is not enough space on the disk. (0x70)
[0606/170526.460:ERROR:file_io.cc(134)] WriteFile: There is not enough space on the disk. (0x70)
[0606/170526.461:ERROR:file_io.cc(134)] WriteFile: There is not enough space on the disk. (0x70)
[0606/170526.461:ERROR:file_io.cc(134)] WriteFile: There is not enough space on the disk. (0x70)
[0606/170526.461:ERROR:file_io.cc(134)] WriteFile: There is not enough space on the disk. (0x70)
[0606/170526.461:ERROR:file_io.cc(134)] WriteFile: There is not enough space on the disk. (0x70)
[0606/170526.461:ERROR:file_io.cc(134)] WriteFile: There is not enough space on the disk. (0x70)
[0606/170526.461:ERROR:file_io.cc(134)] WriteFile: There is not enough space on the disk. (0x70)
[0606/170526.461:ERROR:file_io.cc(134)] WriteFile: There is not enough space on the disk. (0x70)
[0606/170526.461:ERROR:file_io.cc(134)] WriteFile: There is not enough space on the disk. (0x70)
[0606/170526.461:ERROR:file_io.cc(134)] WriteFile: There is not enough space on the disk. (0x70)
[0606/170526.461:ERROR:file_io.cc(134)] WriteFile: There is not enough space on the disk. (0x70)
[0606/170526.461:ERROR:file_io.cc(134)] WriteFile: There is not enough space on the disk. (0x70)
[0606/170526.462:ERROR:file_io.cc(134)] WriteFile: There is not enough space on the disk. (0x70)
[0606/170526.462:ERROR:file_io.cc(134)] WriteFile: There is not enough space on the disk. (0x70)
[0606/170526.462:ERROR:file_io.cc(134)] WriteFile: There is not enough space on the disk. (0x70)
[0606/170526.462:ERROR:file_io.cc(134)] WriteFile: There is not enough space on the disk. (0x70)
[0606/170526.463:ERROR:file_io.cc(134)] WriteFile: There is not enough space on the disk. (0x70)
[0606/170526.463:ERROR:file_io.cc(134)] WriteFile: There is not enough space on the disk. (0x70)
[0606/170526.463:ERROR:file_io.cc(134)] WriteFile: There is not enough space on the disk. (0x70)
[0606/170526.463:ERROR:file_io.cc(134)] WriteFile: There is not enough space on the disk. (0x70)
[0606/170526.463:ERROR:file_io.cc(134)] WriteFile: There is not enough space on the disk. (0x70)
[0606/170526.463:ERROR:file_io.cc(134)] WriteFile: There is not enough space on the disk. (0x70)
[0606/170526.463:ERROR:file_io.cc(134)] WriteFile: There is not enough space on the disk. (0x70)
[0606/170526.463:ERROR:file_io.cc(134)] WriteFile: There is not enough space on the disk. (0x70)
[0606/170526.463:ERROR:file_io.cc(134)] WriteFile: There is not enough space on the disk. (0x70)
[0606/170526.464:ERROR:file_io.cc(134)] WriteFile: There is not enough space on the disk. (0x70)
[0606/170526.464:ERROR:file_io.cc(134)] WriteFile: There is not enough space on the disk. (0x70)
[0606/170526.464:ERROR:file_io.cc(134)] WriteFile: There is not enough space on the disk. (0x70)
[0606/170526.464:ERROR:file_io.cc(134)] WriteFile: There is not enough space on the disk. (0x70)
[0606/170526.464:ERROR:file_io.cc(134)] WriteFile: There is not enough space on the disk. (0x70)
[0606/170526.464:ERROR:file_io.cc(134)] WriteFile: There is not enough space on the disk. (0x70)
[0606/170526.464:ERROR:file_io.cc(134)] WriteFile: There is not enough space on the disk. (0x70)
[0606/170526.464:ERROR:file_io.cc(134)] WriteFile: There is not enough space on the disk. (0x70)
[0606/170526.464:ERROR:file_io.cc(134)] WriteFile: There is not enough space on the disk. (0x70)
[0606/170526.464:ERROR:file_io.cc(134)] WriteFile: There is not enough space on the disk. (0x70)
[0606/170526.464:ERROR:crash_report_exception_handler.cc(111)] WriteEverything failed
[0606/170526.465:ERROR:filesystem_win.cc(148)] DeleteFile C:\Users\iqra ilyas\AppData\Local\AVAST Software\Browser\User Data\Crashpad\reports\ad4d53ab-3b6d-4ec8-98b2-6a468b4c6dd6.dmp: The process cannot access the file because it is being used by another process. (0x20)
[0606/170726.299:ERROR:process_info.cc(359)] UncheckedAllocate
[0606/170726.312:ERROR:file_io.cc(134)] WriteFile: There is not enough space on the disk. (0x70)
[0606/170726.312:ERROR:crash_report_exception_handler.cc(111)] WriteEverything failed
[0606/170726.312:ERROR:filesystem_win.cc(148)] DeleteFile C:\Users\iqra ilyas\AppData\Local\AVAST Software\Browser\User Data\Crashpad\reports\ea4e9b93-b158-4498-92eb-21afc433acb9.dmp: The process cannot access the file because it is being used by another process. (0x20)
[0606/170736.621:ERROR:file_io.cc(134)] WriteFile: There is not enough space on the disk. (0x70)
[0606/170736.621:ERROR:crash_report_exception_handler.cc(111)] WriteEverything failed
[0606/170736.622:ERROR:filesystem_win.cc(148)] DeleteFile C:\Users\iqra ilyas\AppData\Local\AVAST Software\Browser\User Data\Crashpad\reports\bd4654c1-a90d-4a5c-b037-895c821a5da0.dmp: The process cannot access the file because it is being used by another process. (0x20)
[0606/170743.063:ERROR:process_info.cc(359)] UncheckedAllocate
[0606/170743.073:ERROR:file_io.cc(134)] WriteFile: There is not enough space on the disk. (0x70)
[0606/170743.073:ERROR:crash_report_exception_handler.cc(111)] WriteEverything failed
[0606/170743.074:ERROR:filesystem_win.cc(148)] DeleteFile C:\Users\iqra ilyas\AppData\Local\AVAST Software\Browser\User Data\Crashpad\reports\6ba7fa28-f9cf-4702-a100-a423acff4e36.dmp: The process cannot access the file because it is being used by another process. (0x20)
[0606/171017.277:ERROR:crash_report_database_win.cc(469)] failed to stat report
[0606/171028.714:ERROR:file_io.cc(134)] WriteFile: There is not enough space on the disk. (0x70)
[0606/171028.714:ERROR:file_io.cc(134)] WriteFile: There is not enough space on the disk. (0x70)
[0606/171028.714:ERROR:file_io.cc(134)] WriteFile: There is not enough space on the disk. (0x70)
[0606/171028.714:ERROR:file_io.cc(134)] WriteFile: There is not enough space on the disk. (0x70)
[0606/171028.714:ERROR:file_io.cc(134)] WriteFile: There is not enough space on the disk. (0x70)
[0606/171028.714:ERROR:file_io.cc(134)] WriteFile: There is not enough space on the disk. (0x70)
[0606/171028.714:ERROR:file_io.cc(134)] WriteFile: There is not enough space on the disk. (0x70)
[0606/171028.714:ERROR:file_io.cc(134)] WriteFile: There is not enough space on the disk. (0x70)
[0606/171028.714:ERROR:file_io.cc(134)] WriteFile: There is not enough space on the disk. (0x70)
[0606/171028.714:ERROR:file_io.cc(134)] WriteFile: There is not enough space on the disk. (0x70)
[0606/171028.714:ERROR:file_io.cc(134)] WriteFile: There is not enough space on the disk. (0x70)
[0606/171028.714:ERROR:file_io.cc(134)] WriteFile: There is not enough space on the disk. (0x70)
[0606/171028.714:ERROR:file_io.cc(134)] WriteFile: There is not enough space on the disk. (0x70)
[0606/171028.714:ERROR:file_io.cc(134)] WriteFile: There is not enough space on the disk. (0x70)
[0606/171028.714:ERROR:file_io.cc(134)] WriteFile: There is not enough space on the disk. (0x70)
[0606/171028.714:ERROR:file_io.cc(134)] WriteFile: There is not enough space on the disk. (0x70)
[0606/171028.714:ERROR:file_io.cc(134)] WriteFile: There is not enough space on the disk. (0x70)
[0606/171028.714:ERROR:file_io.cc(134)] WriteFile: There is not enough space on the disk. (0x70)
[0606/171028.714:ERROR:file_io.cc(134)] WriteFile: There is not enough space on the disk. (0x70)
[0606/171028.714:ERROR:file_io.cc(134)] WriteFile: There is not enough space on the disk. (0x70)
[0606/171028.714:ERROR:file_io.cc(134)] WriteFile: There is not enough space on the disk. (0x70)
[0606/171028.714:ERROR:file_io.cc(134)] WriteFile: There is not enough space on the disk. (0x70)
[0606/171028.714:ERROR:file_io.cc(134)] WriteFile: There is not enough space on the disk. (0x70)
[0606/171028.714:ERROR:file_io.cc(134)] WriteFile: There is not enough space on the disk. (0x70)
[0606/171028.714:ERROR:file_io.cc(134)] WriteFile: There is not enough space on the disk. (0x70)
[0606/171028.714:ERROR:file_io.cc(134)] WriteFile: There is not enough space on the disk. (0x70)
[0606/171028.714:ERROR:file_io.cc(134)] WriteFile: There is not enough space on the disk. (0x70)
[0606/171028.714:ERROR:file_io.cc(134)] WriteFile: There is not enough space on the disk. (0x70)
[0606/171028.714:ERROR:file_io.cc(134)] WriteFile: There is not enough space on the disk. (0x70)
[0606/171028.714:ERROR:file_io.cc(134)] WriteFile: There is not enough space on the disk. (0x70)
[0606/171028.714:ERROR:file_io.cc(134)] WriteFile: There is not enough space on the disk. (0x70)
[0606/171028.714:ERROR:file_io.cc(134)] WriteFile: There is not enough space on the disk. (0x70)
[0606/171028.714:ERROR:file_io.cc(134)] WriteFile: There is not enough space on the disk. (0x70)
[0606/171028.714:ERROR:file_io.cc(134)] WriteFile: There is not enough space on the disk. (0x70)
[0606/171028.714:ERROR:file_io.cc(134)] WriteFile: There is not enough space on the disk. (0x70)
[0606/171028.714:ERROR:file_io.cc(134)] WriteFile: There is not enough space on the disk. (0x70)
[0606/171028.714:ERROR:file_io.cc(134)] WriteFile: There is not enough space on the disk. (0x70)
[0606/171028.714:ERROR:file_io.cc(134)] WriteFile: There is not enough space on the disk. (0x70)
[0606/171028.714:ERROR:file_io.cc(134)] WriteFile: There is not enough space on the disk. (0x70)
[0606/171028.714:ERROR:file_io.cc(134)] WriteFile: There is not enough space on the disk. (0x70)
[0606/171028.714:ERROR:file_io.cc(134)] WriteFile: There is not enough space on the disk. (0x70)
[0606/171028.714:ERROR:file_io.cc(134)] WriteFile: There is not enough space on the disk. (0x70)
[0606/171028.714:ERROR:file_io.cc(134)] WriteFile: There is not enough space on the disk. (0x70)
[0606/171028.714:ERROR:file_io.cc(134)] WriteFile: There is not enough space on the disk. (0x70)
[0606/171028.714:ERROR:file_io.cc(134)] WriteFile: There is not enough space on the disk. (0x70)
[0606/171028.714:ERROR:file_io.cc(134)] WriteFile: There is not enough space on the disk. (0x70)
[0606/171028.714:ERROR:file_io.cc(134)] WriteFile: There is not enough space on the disk. (0x70)
[0606/171028.714:ERROR:file_io.cc(134)] WriteFile: There is not enough space on the disk. (0x70)
[0606/171028.714:ERROR:file_io.cc(134)] WriteFile: There is not enough space on the disk. (0x70)
[0606/171028.714:ERROR:file_io.cc(134)] WriteFile: There is not enough space on the disk. (0x70)
[0606/171028.714:ERROR:file_io.cc(134)] WriteFile: There is not enough space on the disk. (0x70)
[0606/171028.714:ERROR:file_io.cc(134)] WriteFile: There is not enough space on the disk. (0x70)
[0606/171028.714:ERROR:file_io.cc(134)] WriteFile: There is not enough space on the disk. (0x70)
[0606/171028.714:ERROR:file_io.cc(134)] WriteFile: There is not enough space on the disk. (0x70)
[0606/171028.714:ERROR:file_io.cc(134)] WriteFile: There is not enough space on the disk. (0x70)
[0606/171028.714:ERROR:file_io.cc(134)] WriteFile: There is not enough space on the disk. (0x70)
[0606/171028.714:ERROR:file_io.cc(134)] WriteFile: There is not enough space on the disk. (0x70)
[0606/171028.714:ERROR:file_io.cc(134)] WriteFile: There is not enough space on the disk. (0x70)
[0606/171028.714:ERROR:file_io.cc(134)] WriteFile: There is not enough space on the disk. (0x70)
[0606/171028.714:ERROR:file_io.cc(134)] WriteFile: There is not enough space on the disk. (0x70)
[0606/171028.714:ERROR:file_io.cc(134)] WriteFile: There is not enough space on the disk. (0x70)
[0606/171028.714:ERROR:file_io.cc(134)] WriteFile: There is not enough space on the disk. (0x70)
[0606/171028.714:ERROR:file_io.cc(134)] WriteFile: There is not enough space on the disk. (0x70)
[0606/171028.714:ERROR:file_io.cc(134)] WriteFile: There is not enough space on the disk. (0x70)
[0606/171028.714:ERROR:file_io.cc(134)] WriteFile: There is not enough space on the disk. (0x70)
[0606/171028.714:ERROR:file_io.cc(134)] WriteFile: There is not enough space on the disk. (0x70)
[0606/171028.714:ERROR:file_io.cc(134)] WriteFile: There is not enough space on the disk. (0x70)
[0606/171028.714:ERROR:file_io.cc(134)] WriteFile: There is not enough space on the disk. (0x70)
[0606/171028.714:ERROR:file_io.cc(134)] WriteFile: There is not enough space on the disk. (0x70)
[0606/171028.714:ERROR:file_io.cc(134)] WriteFile: There is not enough space on the disk. (0x70)
[0606/171028.714:ERROR:file_io.cc(134)] WriteFile: There is not enough space on the disk. (0x70)
[0606/171028.714:ERROR:file_io.cc(134)] WriteFile: There is not enough space on the disk. (0x70)
[0606/171028.714:ERROR:file_io.cc(134)] WriteFile: There is not enough space on the disk. (0x70)
[0606/171028.714:ERROR:file_io.cc(134)] WriteFile: There is not enough space on the disk. (0x70)
[0606/171028.714:ERROR:file_io.cc(134)] WriteFile: There is not enough space on the disk. (0x70)
[0606/171028.714:ERROR:file_io.cc(134)] WriteFile: There is not enough space on the disk. (0x70)
[0606/171028.714:ERROR:file_io.cc(134)] WriteFile: There is not enough space on the disk. (0x70)
[0606/171028.714:ERROR:file_io.cc(134)] WriteFile: There is not enough space on the disk. (0x70)
[0606/171028.714:ERROR:file_io.cc(134)] WriteFile: There is not enough space on the disk. (0x70)
[0606/171028.714:ERROR:file_io.cc(134)] WriteFile: There is not enough space on the disk. (0x70)
[0606/171028.714:ERROR:file_io.cc(134)] WriteFile: There is not enough space on the disk. (0x70)
[0606/171028.714:ERROR:file_io.cc(134)] WriteFile: There is not enough space on the disk. (0x70)
[0606/171028.714:ERROR:file_io.cc(134)] WriteFile: There is not enough space on the disk. (0x70)
[0606/171028.714:ERROR:file_io.cc(134)] WriteFile: There is not enough space on the disk. (0x70)
[0606/171028.714:ERROR:file_io.cc(134)] WriteFile: There is not enough space on the disk. (0x70)
[0606/171028.714:ERROR:file_io.cc(134)] WriteFile: There is not enough space on the disk. (0x70)
[0606/171028.714:ERROR:file_io.cc(134)] WriteFile: There is not enough space on the disk. (0x70)
[0606/171028.714:ERROR:file_io.cc(134)] WriteFile: There is not enough space on the disk. (0x70)
[0606/171028.714:ERROR:file_io.cc(134)] WriteFile: There is not enough space on the disk. (0x70)
[0606/171028.714:ERROR:file_io.cc(134)] WriteFile: There is not enough space on the disk. (0x70)
[0606/171028.714:ERROR:file_io.cc(134)] WriteFile: There is not enough space on the disk. (0x70)
[0606/171028.714:ERROR:file_io.cc(134)] WriteFile: There is not enough space on the disk. (0x70)
[0606/171028.714:ERROR:file_io.cc(134)] WriteFile: There is not enough space on the disk. (0x70)
[0606/171028.714:ERROR:file_io.cc(134)] WriteFile: There is not enough space on the disk. (0x70)
[0606/171028.714:ERROR:file_io.cc(134)] WriteFile: There is not enough space on the disk. (0x70)
[0606/171028.714:ERROR:file_io.cc(134)] WriteFile: There is not enough space on the disk. (0x70)
[0606/171028.714:ERROR:file_io.cc(134)] WriteFile: There is not enough space on the disk. (0x70)
[0606/171028.714:ERROR:file_io.cc(134)] WriteFile: There is not enough space on the disk. (0x70)
[0606/171028.714:ERROR:file_io.cc(134)] WriteFile: There is not enough space on the disk. (0x70)
[0606/171028.714:ERROR:file_io.cc(134)] WriteFile: There is not enough space on the disk. (0x70)
[0606/171028.714:ERROR:file_io.cc(134)] WriteFile: There is not enough space on the disk. (0x70)
[0606/171028.714:ERROR:file_io.cc(134)] WriteFile: There is not enough space on the disk. (0x70)
[0606/171028.714:ERROR:file_io.cc(134)] WriteFile: There is not enough space on the disk. (0x70)
[0606/171028.714:ERROR:file_io.cc(134)] WriteFile: There is not enough space on the disk. (0x70)
[0606/171028.714:ERROR:file_io.cc(134)] WriteFile: There is not enough space on the disk. (0x70)
[0606/171028.714:ERROR:file_io.cc(134)] WriteFile: There is not enough space on the disk. (0x70)
[0606/171028.714:ERROR:file_io.cc(134)] WriteFile: There is not enough space on the disk. (0x70)
[0606/171028.714:ERROR:file_io.cc(134)] WriteFile: There is not enough space on the disk. (0x70)
[0606/171028.714:ERROR:file_io.cc(134)] WriteFile: There is not enough space on the disk. (0x70)
[0606/171028.714:ERROR:file_io.cc(134)] WriteFile: There is not enough space on the disk. (0x70)
[0606/171028.714:ERROR:file_io.cc(134)] WriteFile: There is not enough space on the disk. (0x70)
[0606/171028.714:ERROR:file_io.cc(134)] WriteFile: There is not enough space on the disk. (0x70)
[0606/171028.714:ERROR:file_io.cc(134)] WriteFile: There is not enough space on the disk. (0x70)
[0606/171028.714:ERROR:file_io.cc(134)] WriteFile: There is not enough space on the disk. (0x70)
[0606/171028.714:ERROR:file_io.cc(134)] WriteFile: There is not enough space on the disk. (0x70)
[0606/171028.714:ERROR:file_io.cc(134)] WriteFile: There is not enough space on the disk. (0x70)
[0606/171028.714:ERROR:file_io.cc(134)] WriteFile: There is not enough space on the disk. (0x70)
[0606/171028.714:ERROR:file_io.cc(134)] WriteFile: There is not enough space on the disk. (0x70)
[0606/171028.714:ERROR:file_io.cc(134)] WriteFile: There is not enough space on the disk. (0x70)
[0606/171028.730:ERROR:file_io.cc(134)] WriteFile: There is not enough space on the disk. (0x70)
[0606/171028.730:ERROR:file_io.cc(134)] WriteFile: There is not enough space on the disk. (0x70)
[0606/171028.730:ERROR:file_io.cc(134)] WriteFile: There is not enough space on the disk. (0x70)
[0606/171028.730:ERROR:file_io.cc(134)] WriteFile: There is not enough space on the disk. (0x70)
[0606/171028.730:ERROR:file_io.cc(134)] WriteFile: There is not enough space on the disk. (0x70)
[0606/171028.730:ERROR:file_io.cc(134)] WriteFile: There is not enough space on the disk. (0x70)
[0606/171028.730:ERROR:file_io.cc(134)] WriteFile: There is not enough space on the disk. (0x70)
[0606/171028.730:ERROR:file_io.cc(134)] WriteFile: There is not enough space on the disk. (0x70)
[0606/171028.730:ERROR:file_io.cc(134)] WriteFile: There is not enough space on the disk. (0x70)
[0606/171028.730:ERROR:file_io.cc(134)] WriteFile: There is not enough space on the disk. (0x70)
[0606/171028.730:ERROR:file_io.cc(134)] WriteFile: There is not enough space on the disk. (0x70)
[0606/171028.730:ERROR:file_io.cc(134)] WriteFile: There is not enough space on the disk. (0x70)
[0606/171028.730:ERROR:file_io.cc(134)] WriteFile: There is not enough space on the disk. (0x70)
[0606/171028.730:ERROR:file_io.cc(134)] WriteFile: There is not enough space on the disk. (0x70)
[0606/171028.730:ERROR:file_io.cc(134)] WriteFile: There is not enough space on the disk. (0x70)
[0606/171028.730:ERROR:file_io.cc(134)] WriteFile: There is not enough space on the disk. (0x70)
[0606/171028.730:ERROR:file_io.cc(134)] WriteFile: There is not enough space on the disk. (0x70)
[0606/171028.730:ERROR:file_io.cc(134)] WriteFile: There is not enough space on the disk. (0x70)
[0606/171028.730:ERROR:file_io.cc(134)] WriteFile: There is not enough space on the disk. (0x70)
[0606/171028.730:ERROR:file_io.cc(134)] WriteFile: There is not enough space on the disk. (0x70)
[0606/171028.730:ERROR:file_io.cc(134)] WriteFile: There is not enough space on the disk. (0x70)
[0606/171028.730:ERROR:file_io.cc(134)] WriteFile: There is not enough space on the disk. (0x70)
[0606/171028.730:ERROR:file_io.cc(134)] WriteFile: There is not enough space on the disk. (0x70)
[0606/171028.730:ERROR:file_io.cc(134)] WriteFile: There is not enough space on the disk. (0x70)
[0606/171028.730:ERROR:file_io.cc(134)] WriteFile: There is not enough space on the disk. (0x70)
[0606/171028.730:ERROR:file_io.cc(134)] WriteFile: There is not enough space on the disk. (0x70)
[0606/171028.730:ERROR:file_io.cc(134)] WriteFile: There is not enough space on the disk. (0x70)
[0606/171028.730:ERROR:file_io.cc(134)] WriteFile: There is not enough space on the disk. (0x70)
[0606/171028.730:ERROR:file_io.cc(134)] WriteFile: There is not enough space on the disk. (0x70)
[0606/171028.730:ERROR:file_io.cc(134)] WriteFile: There is not enough space on the disk. (0x70)
[0606/171028.730:ERROR:file_io.cc(134)] WriteFile: There is not enough space on the disk. (0x70)
[0606/171028.730:ERROR:file_io.cc(134)] WriteFile: There is not enough space on the disk. (0x70)
[0606/171028.730:ERROR:file_io.cc(134)] WriteFile: There is not enough space on the disk. (0x70)
[0606/171028.730:ERROR:file_io.cc(134)] WriteFile: There is not enough space on the disk. (0x70)
[0606/171028.730:ERROR:file_io.cc(134)] WriteFile: There is not enough space on the disk. (0x70)
[0606/171028.730:ERROR:file_io.cc(134)] WriteFile: There is not enough space on the disk. (0x70)
[0606/171028.730:ERROR:file_io.cc(134)] WriteFile: There is not enough space on the disk. (0x70)
[0606/171028.730:ERROR:file_io.cc(134)] WriteFile: There is not enough space on the disk. (0x70)
[0606/171028.730:ERROR:file_io.cc(134)] WriteFile: There is not enough space on the disk. (0x70)
[0606/171028.730:ERROR:file_io.cc(134)] WriteFile: There is not enough space on the disk. (0x70)
[0606/171028.730:ERROR:file_io.cc(134)] WriteFile: There is not enough space on the disk. (0x70)
[0606/171028.730:ERROR:file_io.cc(134)] WriteFile: There is not enough space on the disk. (0x70)
[0606/171028.730:ERROR:file_io.cc(134)] WriteFile: There is not enough space on the disk. (0x70)
[0606/171028.730:ERROR:file_io.cc(134)] WriteFile: There is not enough space on the disk. (0x70)
[0606/171028.730:ERROR:file_io.cc(134)] WriteFile: There is not enough space on the disk. (0x70)
[0606/171028.730:ERROR:file_io.cc(134)] WriteFile: There is not enough space on the disk. (0x70)
[0606/171028.730:ERROR:file_io.cc(134)] WriteFile: There is not enough space on the disk. (0x70)
[0606/171028.730:ERROR:file_io.cc(134)] WriteFile: There is not enough space on the disk. (0x70)
[0606/171028.730:ERROR:file_io.cc(134)] WriteFile: There is not enough space on the disk. (0x70)
[0606/171028.730:ERROR:file_io.cc(134)] WriteFile: There is not enough space on the disk. (0x70)
[0606/171028.730:ERROR:file_io.cc(134)] WriteFile: There is not enough space on the disk. (0x70)
[0606/171028.730:ERROR:file_io.cc(134)] WriteFile: There is not enough space on the disk. (0x70)
[0606/171028.730:ERROR:file_io.cc(134)] WriteFile: There is not enough space on the disk. (0x70)
[0606/171028.730:ERROR:file_io.cc(134)] WriteFile: There is not enough space on the disk. (0x70)
[0606/171028.730:ERROR:file_io.cc(134)] WriteFile: There is not enough space on the disk. (0x70)
[0606/171028.730:ERROR:file_io.cc(134)] WriteFile: There is not enough space on the disk. (0x70)
[0606/171028.730:ERROR:file_io.cc(134)] WriteFile: There is not enough space on the disk. (0x70)
[0606/171028.730:ERROR:file_io.cc(134)] WriteFile: There is not enough space on the disk. (0x70)
[0606/171028.730:ERROR:file_io.cc(134)] WriteFile: There is not enough space on the disk. (0x70)
[0606/171028.730:ERROR:file_io.cc(134)] WriteFile: There is not enough space on the disk. (0x70)
[0606/171028.730:ERROR:file_io.cc(134)] WriteFile: There is not enough space on the disk. (0x70)
[0606/171028.730:ERROR:file_io.cc(134)] WriteFile: There is not enough space on the disk. (0x70)
[0606/171028.730:ERROR:file_io.cc(134)] WriteFile: There is not enough space on the disk. (0x70)
[0606/171028.730:ERROR:file_io.cc(134)] WriteFile: There is not enough space on the disk. (0x70)
[0606/171028.730:ERROR:file_io.cc(134)] WriteFile: There is not enough space on the disk. (0x70)
[0606/171028.730:ERROR:file_io.cc(134)] WriteFile: There is not enough space on the disk. (0x70)
[0606/171028.730:ERROR:file_io.cc(134)] WriteFile: There is not enough space on the disk. (0x70)
[0606/171028.730:ERROR:file_io.cc(134)] WriteFile: There is not enough space on the disk. (0x70)
[0606/171028.730:ERROR:file_io.cc(134)] WriteFile: There is not enough space on the disk. (0x70)
[0606/171028.730:ERROR:file_io.cc(134)] WriteFile: There is not enough space on the disk. (0x70)
[0606/171028.730:ERROR:file_io.cc(134)] WriteFile: There is not enough space on the disk. (0x70)
[0606/171028.730:ERROR:file_io.cc(134)] WriteFile: There is not enough space on the disk. (0x70)
[0606/171028.730:ERROR:file_io.cc(134)] WriteFile: There is not enough space on the disk. (0x70)
[0606/171028.730:ERROR:file_io.cc(134)] WriteFile: There is not enough space on the disk. (0x70)
[0606/171028.730:ERROR:file_io.cc(134)] WriteFile: There is not enough space on the disk. (0x70)
[0606/171028.730:ERROR:file_io.cc(134)] WriteFile: There is not enough space on the disk. (0x70)
[0606/171028.730:ERROR:file_io.cc(134)] WriteFile: There is not enough space on the disk. (0x70)
[0606/171028.730:ERROR:file_io.cc(134)] WriteFile: There is not enough space on the disk. (0x70)
[0606/171028.730:ERROR:file_io.cc(134)] WriteFile: There is not enough space on the disk. (0x70)
[0606/171028.730:ERROR:file_io.cc(134)] WriteFile: There is not enough space on the disk. (0x70)
[0606/171028.730:ERROR:file_io.cc(134)] WriteFile: There is not enough space on the disk. (0x70)
[0606/171028.730:ERROR:file_io.cc(134)] WriteFile: There is not enough space on the disk. (0x70)
[0606/171028.730:ERROR:file_io.cc(134)] WriteFile: There is not enough space on the disk. (0x70)
[0606/171028.730:ERROR:file_io.cc(134)] WriteFile: There is not enough space on the disk. (0x70)
[0606/171028.730:ERROR:file_io.cc(134)] WriteFile: There is not enough space on the disk. (0x70)
[0606/171028.730:ERROR:file_io.cc(134)] WriteFile: There is not enough space on the disk. (0x70)
[0606/171028.730:ERROR:file_io.cc(134)] WriteFile: There is not enough space on the disk. (0x70)
[0606/171028.730:ERROR:file_io.cc(134)] WriteFile: There is not enough space on the disk. (0x70)
[0606/171028.730:ERROR:file_io.cc(134)] WriteFile: There is not enough space on the disk. (0x70)
[0606/171028.730:ERROR:file_io.cc(134)] WriteFile: There is not enough space on the disk. (0x70)
[0606/171028.730:ERROR:file_io.cc(134)] WriteFile: There is not enough space on the disk. (0x70)
[0606/171028.730:ERROR:file_io.cc(134)] WriteFile: There is not enough space on the disk. (0x70)
[0606/171028.730:ERROR:file_io.cc(134)] WriteFile: There is not enough space on the disk. (0x70)
[0606/171028.730:ERROR:file_io.cc(134)] WriteFile: There is not enough space on the disk. (0x70)
[0606/171028.730:ERROR:file_io.cc(134)] WriteFile: There is not enough space on the disk. (0x70)
[0606/171028.730:ERROR:file_io.cc(134)] WriteFile: There is not enough space on the disk. (0x70)
[0606/171028.730:ERROR:file_io.cc(134)] WriteFile: There is not enough space on the disk. (0x70)
[0606/171028.730:ERROR:file_io.cc(134)] WriteFile: There is not enough space on the disk. (0x70)
[0606/171028.730:ERROR:file_io.cc(134)] WriteFile: There is not enough space on the disk. (0x70)
[0606/171028.730:ERROR:file_io.cc(134)] WriteFile: There is not enough space on the disk. (0x70)
[0606/171028.730:ERROR:file_io.cc(134)] WriteFile: There is not enough space on the disk. (0x70)
[0606/171028.730:ERROR:file_io.cc(134)] WriteFile: There is not enough space on the disk. (0x70)
[0606/171028.730:ERROR:file_io.cc(134)] WriteFile: There is not enough space on the disk. (0x70)
[0606/171028.730:ERROR:file_io.cc(134)] WriteFile: There is not enough space on the disk. (0x70)
[0606/171028.730:ERROR:file_io.cc(134)] WriteFile: There is not enough space on the disk. (0x70)
[0606/171028.730:ERROR:file_io.cc(134)] WriteFile: There is not enough space on the disk. (0x70)
[0606/171028.730:ERROR:file_io.cc(134)] WriteFile: There is not enough space on the disk. (0x70)
[0606/171028.730:ERROR:file_io.cc(134)] WriteFile: There is not enough space on the disk. (0x70)
[0606/171028.730:ERROR:file_io.cc(134)] WriteFile: There is not enough space on the disk. (0x70)
[0606/171028.730:ERROR:file_io.cc(134)] WriteFile: There is not enough space on the disk. (0x70)
[0606/171028.730:ERROR:file_io.cc(134)] WriteFile: There is not enough space on the disk. (0x70)
[0606/171028.730:ERROR:file_io.cc(134)] WriteFile: There is not enough space on the disk. (0x70)
[0606/171028.730:ERROR:file_io.cc(134)] WriteFile: There is not enough space on the disk. (0x70)
[0606/171028.730:ERROR:file_io.cc(134)] WriteFile: There is not enough space on the disk. (0x70)
[0606/171028.730:ERROR:file_io.cc(134)] WriteFile: There is not enough space on the disk. (0x70)
[0606/171028.730:ERROR:file_io.cc(134)] WriteFile: There is not enough space on the disk. (0x70)
[0606/171028.730:ERROR:file_io.cc(134)] WriteFile: There is not enough space on the disk. (0x70)
[0606/171028.730:ERROR:file_io.cc(134)] WriteFile: There is not enough space on the disk. (0x70)
[0606/171028.730:ERROR:file_io.cc(134)] WriteFile: There is not enough space on the disk. (0x70)
[0606/171028.730:ERROR:file_io.cc(134)] WriteFile: There is not enough space on the disk. (0x70)
[0606/171028.730:ERROR:file_io.cc(134)] WriteFile: There is not enough space on the disk. (0x70)
[0606/171028.730:ERROR:file_io.cc(134)] WriteFile: There is not enough space on the disk. (0x70)
[0606/171028.730:ERROR:file_io.cc(134)] WriteFile: There is not enough space on the disk. (0x70)
[0606/171028.730:ERROR:file_io.cc(134)] WriteFile: There is not enough space on the disk. (0x70)
[0606/171028.730:ERROR:file_io.cc(134)] WriteFile: There is not enough space on the disk. (0x70)
[0606/171028.730:ERROR:file_io.cc(134)] WriteFile: There is not enough space on the disk. (0x70)
[0606/171028.730:ERROR:file_io.cc(134)] WriteFile: There is not enough space on the disk. (0x70)
[0606/171028.730:ERROR:file_io.cc(134)] WriteFile: There is not enough space on the disk. (0x70)
[0606/171028.730:ERROR:file_io.cc(134)] WriteFile: There is not enough space on the disk. (0x70)
[0606/171028.730:ERROR:file_io.cc(134)] WriteFile: There is not enough space on the disk. (0x70)
[0606/171028.730:ERROR:file_io.cc(134)] WriteFile: There is not enough space on the disk. (0x70)
[0606/171028.730:ERROR:file_io.cc(134)] WriteFile: There is not enough space on the disk. (0x70)
[0606/171028.730:ERROR:file_io.cc(134)] WriteFile: There is not enough space on the disk. (0x70)
[0606/171028.730:ERROR:file_io.cc(134)] WriteFile: There is not enough space on the disk. (0x70)
[0606/171028.730:ERROR:file_io.cc(134)] WriteFile: There is not enough space on the disk. (0x70)
[0606/171028.730:ERROR:file_io.cc(134)] WriteFile: There is not enough space on the disk. (0x70)
[0606/171028.730:ERROR:file_io.cc(134)] WriteFile: There is not enough space on the disk. (0x70)
[0606/171028.730:ERROR:file_io.cc(134)] WriteFile: There is not enough space on the disk. (0x70)
[0606/171028.730:ERROR:file_io.cc(134)] WriteFile: There is not enough space on the disk. (0x70)
[0606/171028.730:ERROR:file_io.cc(134)] WriteFile: There is not enough space on the disk. (0x70)
[0606/171028.730:ERROR:file_io.cc(134)] WriteFile: There is not enough space on the disk. (0x70)
[0606/171028.730:ERROR:file_io.cc(134)] WriteFile: There is not enough space on the disk. (0x70)
[0606/171028.730:ERROR:file_io.cc(134)] WriteFile: There is not enough space on the disk. (0x70)
[0606/171028.730:ERROR:file_io.cc(134)] WriteFile: There is not enough space on the disk. (0x70)
[0606/171028.730:ERROR:file_io.cc(134)] WriteFile: There is not enough space on the disk. (0x70)
[0606/171028.730:ERROR:file_io.cc(134)] WriteFile: There is not enough space on the disk. (0x70)
[0606/171028.730:ERROR:file_io.cc(134)] WriteFile: There is not enough space on the disk. (0x70)
[0606/171028.730:ERROR:file_io.cc(134)] WriteFile: There is not enough space on the disk. (0x70)
[0606/171028.730:ERROR:file_io.cc(134)] WriteFile: There is not enough space on the disk. (0x70)
[0606/171028.730:ERROR:file_io.cc(134)] WriteFile: There is not enough space on the disk. (0x70)
[0606/171028.730:ERROR:file_io.cc(134)] WriteFile: There is not enough space on the disk. (0x70)
[0606/171028.730:ERROR:file_io.cc(134)] WriteFile: There is not enough space on the disk. (0x70)
[0606/171028.730:ERROR:file_io.cc(134)] WriteFile: There is not enough space on the disk. (0x70)
[0606/171028.730:ERROR:file_io.cc(134)] WriteFile: There is not enough space on the disk. (0x70)
[0606/171028.730:ERROR:file_io.cc(134)] WriteFile: There is not enough space on the disk. (0x70)
[0606/171028.730:ERROR:file_io.cc(134)] WriteFile: There is not enough space on the disk. (0x70)
[0606/171028.730:ERROR:file_io.cc(134)] WriteFile: There is not enough space on the disk. (0x70)
[0606/171028.730:ERROR:file_io.cc(134)] WriteFile: There is not enough space on the disk. (0x70)
[0606/171028.730:ERROR:file_io.cc(134)] WriteFile: There is not enough space on the disk. (0x70)
[0606/171028.730:ERROR:file_io.cc(134)] WriteFile: There is not enough space on the disk. (0x70)
[0606/171028.730:ERROR:file_io.cc(134)] WriteFile: There is not enough space on the disk. (0x70)
[0606/171028.745:ERROR:file_io.cc(134)] WriteFile: There is not enough space on the disk. (0x70)
[0606/171028.745:ERROR:file_io.cc(134)] WriteFile: There is not enough space on the disk. (0x70)
[0606/171028.745:ERROR:file_io.cc(134)] WriteFile: There is not enough space on the disk. (0x70)
[0606/171028.745:ERROR:file_io.cc(134)] WriteFile: There is not enough space on the disk. (0x70)
[0606/171028.745:ERROR:file_io.cc(134)] WriteFile: There is not enough space on the disk. (0x70)
[0606/171028.745:ERROR:file_io.cc(134)] WriteFile: There is not enough space on the disk. (0x70)
[0606/171028.745:ERROR:file_io.cc(134)] WriteFile: There is not enough space on the disk. (0x70)
[0606/171028.745:ERROR:file_io.cc(134)] WriteFile: There is not enough space on the disk. (0x70)
[0606/171028.745:ERROR:file_io.cc(134)] WriteFile: There is not enough space on the disk. (0x70)
[0606/171028.745:ERROR:file_io.cc(134)] WriteFile: There is not enough space on the disk. (0x70)
[0606/171028.745:ERROR:file_io.cc(134)] WriteFile: There is not enough space on the disk. (0x70)
[0606/171028.745:ERROR:file_io.cc(134)] WriteFile: There is not enough space on the disk. (0x70)
[0606/171028.745:ERROR:file_io.cc(134)] WriteFile: There is not enough space on the disk. (0x70)
[0606/171028.745:ERROR:file_io.cc(134)] WriteFile: There is not enough space on the disk. (0x70)
[0606/171028.745:ERROR:file_io.cc(134)] WriteFile: There is not enough space on the disk. (0x70)
[0606/171028.745:ERROR:file_io.cc(134)] WriteFile: There is not enough space on the disk. (0x70)
[0606/171028.745:ERROR:file_io.cc(134)] WriteFile: There is not enough space on the disk. (0x70)
[0606/171028.745:ERROR:file_io.cc(134)] WriteFile: There is not enough space on the disk. (0x70)
[0606/171028.745:ERROR:file_io.cc(134)] WriteFile: There is not enough space on the disk. (0x70)
[0606/171028.745:ERROR:file_io.cc(134)] WriteFile: There is not enough space on the disk. (0x70)
[0606/171028.745:ERROR:file_io.cc(134)] WriteFile: There is not enough space on the disk. (0x70)
[0606/171028.745:ERROR:file_io.cc(134)] WriteFile: There is not enough space on the disk. (0x70)
[0606/171028.745:ERROR:file_io.cc(134)] WriteFile: There is not enough space on the disk. (0x70)
[0606/171028.745:ERROR:file_io.cc(134)] WriteFile: There is not enough space on the disk. (0x70)
[0606/171028.745:ERROR:file_io.cc(134)] WriteFile: There is not enough space on the disk. (0x70)
[0606/171028.745:ERROR:crash_report_exception_handler.cc(111)] WriteEverything failed
[0606/171028.745:ERROR:filesystem_win.cc(148)] DeleteFile C:\Users\iqra ilyas\AppData\Local\AVAST Software\Browser\User Data\Crashpad\reports\903aab98-f4f1-43f1-ad1f-cdc44fa4da9f.dmp: The process cannot access the file because it is being used by another process. (0x20)
[0606/171032.716:ERROR:crash_report_database_win.cc(469)] failed to stat report
[0606/171039.931:ERROR:file_io.cc(134)] WriteFile: There is not enough space on the disk. (0x70)
[0606/171039.931:ERROR:file_io.cc(134)] WriteFile: There is not enough space on the disk. (0x70)
[0606/171039.931:ERROR:file_io.cc(134)] WriteFile: There is not enough space on the disk. (0x70)
[0606/171039.931:ERROR:file_io.cc(134)] WriteFile: There is not enough space on the disk. (0x70)
[0606/171039.931:ERROR:file_io.cc(134)] WriteFile: There is not enough space on the disk. (0x70)
[0606/171039.931:ERROR:file_io.cc(134)] WriteFile: There is not enough space on the disk. (0x70)
[0606/171039.931:ERROR:file_io.cc(134)] WriteFile: There is not enough space on the disk. (0x70)
[0606/171039.931:ERROR:file_io.cc(134)] WriteFile: There is not enough space on the disk. (0x70)
[0606/171039.931:ERROR:file_io.cc(134)] WriteFile: There is not enough space on the disk. (0x70)
[0606/171039.931:ERROR:file_io.cc(134)] WriteFile: There is not enough space on the disk. (0x70)
[0606/171039.931:ERROR:file_io.cc(134)] WriteFile: There is not enough space on the disk. (0x70)
[0606/171039.931:ERROR:file_io.cc(134)] WriteFile: There is not enough space on the disk. (0x70)
[0606/171039.931:ERROR:file_io.cc(134)] WriteFile: There is not enough space on the disk. (0x70)
[0606/171039.931:ERROR:file_io.cc(134)] WriteFile: There is not enough space on the disk. (0x70)
[0606/171039.931:ERROR:file_io.cc(134)] WriteFile: There is not enough space on the disk. (0x70)
[0606/171039.947:ERROR:file_io.cc(134)] WriteFile: There is not enough space on the disk. (0x70)
[0606/171039.947:ERROR:file_io.cc(134)] WriteFile: There is not enough space on the disk. (0x70)
[0606/171039.947:ERROR:file_io.cc(134)] WriteFile: There is not enough space on the disk. (0x70)
[0606/171039.947:ERROR:file_io.cc(134)] WriteFile: There is not enough space on the disk. (0x70)
[0606/171039.947:ERROR:file_io.cc(134)] WriteFile: There is not enough space on the disk. (0x70)
[0606/171039.947:ERROR:file_io.cc(134)] WriteFile: There is not enough space on the disk. (0x70)
[0606/171039.947:ERROR:file_io.cc(134)] WriteFile: There is not enough space on the disk. (0x70)
[0606/171039.947:ERROR:file_io.cc(134)] WriteFile: There is not enough space on the disk. (0x70)
[0606/171039.947:ERROR:file_io.cc(134)] WriteFile: There is not enough space on the disk. (0x70)
[0606/171039.947:ERROR:file_io.cc(134)] WriteFile: There is not enough space on the disk. (0x70)
[0606/171039.947:ERROR:file_io.cc(134)] WriteFile: There is not enough space on the disk. (0x70)
[0606/171039.947:ERROR:file_io.cc(134)] WriteFile: There is not enough space on the disk. (0x70)
[0606/171039.947:ERROR:file_io.cc(134)] WriteFile: There is not enough space on the disk. (0x70)
[0606/171039.947:ERROR:file_io.cc(134)] WriteFile: There is not enough space on the disk. (0x70)
[0606/171039.947:ERROR:file_io.cc(134)] WriteFile: There is not enough space on the disk. (0x70)
[0606/171039.947:ERROR:file_io.cc(134)] WriteFile: There is not enough space on the disk. (0x70)
[0606/171039.947:ERROR:file_io.cc(134)] WriteFile: There is not enough space on the disk. (0x70)
[0606/171039.947:ERROR:file_io.cc(134)] WriteFile: There is not enough space on the disk. (0x70)
[0606/171039.947:ERROR:file_io.cc(134)] WriteFile: There is not enough space on the disk. (0x70)
[0606/171039.947:ERROR:file_io.cc(134)] WriteFile: There is not enough space on the disk. (0x70)
[0606/171039.947:ERROR:file_io.cc(134)] WriteFile: There is not enough space on the disk. (0x70)
[0606/171039.947:ERROR:file_io.cc(134)] WriteFile: There is not enough space on the disk. (0x70)
[0606/171039.947:ERROR:file_io.cc(134)] WriteFile: There is not enough space on the disk. (0x70)
[0606/171039.947:ERROR:file_io.cc(134)] WriteFile: There is not enough space on the disk. (0x70)
[0606/171039.947:ERROR:file_io.cc(134)] WriteFile: There is not enough space on the disk. (0x70)
[0606/171039.947:ERROR:file_io.cc(134)] WriteFile: There is not enough space on the disk. (0x70)
[0606/171039.947:ERROR:file_io.cc(134)] WriteFile: There is not enough space on the disk. (0x70)
[0606/171039.947:ERROR:file_io.cc(134)] WriteFile: There is not enough space on the disk. (0x70)
[0606/171039.947:ERROR:file_io.cc(134)] WriteFile: There is not enough space on the disk. (0x70)
[0606/171039.947:ERROR:file_io.cc(134)] WriteFile: There is not enough space on the disk. (0x70)
[0606/171039.947:ERROR:file_io.cc(134)] WriteFile: There is not enough space on the disk. (0x70)
[0606/171039.947:ERROR:file_io.cc(134)] WriteFile: There is not enough space on the disk. (0x70)
[0606/171039.947:ERROR:file_io.cc(134)] WriteFile: There is not enough space on the disk. (0x70)
[0606/171039.947:ERROR:file_io.cc(134)] WriteFile: There is not enough space on the disk. (0x70)
[0606/171039.947:ERROR:file_io.cc(134)] WriteFile: There is not enough space on the disk. (0x70)
[0606/171039.947:ERROR:file_io.cc(134)] WriteFile: There is not enough space on the disk. (0x70)
[0606/171039.947:ERROR:file_io.cc(134)] WriteFile: There is not enough space on the disk. (0x70)
[0606/171039.947:ERROR:file_io.cc(134)] WriteFile: There is not enough space on the disk. (0x70)
[0606/171039.947:ERROR:file_io.cc(134)] WriteFile: There is not enough space on the disk. (0x70)
[0606/171039.947:ERROR:file_io.cc(134)] WriteFile: There is not enough space on the disk. (0x70)
[0606/171039.947:ERROR:file_io.cc(134)] WriteFile: There is not enough space on the disk. (0x70)
[0606/171039.947:ERROR:file_io.cc(134)] WriteFile: There is not enough space on the disk. (0x70)
[0606/171039.947:ERROR:file_io.cc(134)] WriteFile: There is not enough space on the disk. (0x70)
[0606/171039.947:ERROR:file_io.cc(134)] WriteFile: There is not enough space on the disk. (0x70)
[0606/171039.947:ERROR:file_io.cc(134)] WriteFile: There is not enough space on the disk. (0x70)
[0606/171039.947:ERROR:file_io.cc(134)] WriteFile: There is not enough space on the disk. (0x70)
[0606/171039.947:ERROR:file_io.cc(134)] WriteFile: There is not enough space on the disk. (0x70)
[0606/171039.947:ERROR:file_io.cc(134)] WriteFile: There is not enough space on the disk. (0x70)
[0606/171039.947:ERROR:file_io.cc(134)] WriteFile: There is not enough space on the disk. (0x70)
[0606/171039.947:ERROR:file_io.cc(134)] WriteFile: There is not enough space on the disk. (0x70)
[0606/171039.947:ERROR:file_io.cc(134)] WriteFile: There is not enough space on the disk. (0x70)
[0606/171039.947:ERROR:file_io.cc(134)] WriteFile: There is not enough space on the disk. (0x70)
[0606/171039.947:ERROR:file_io.cc(134)] WriteFile: There is not enough space on the disk. (0x70)
[0606/171039.947:ERROR:file_io.cc(134)] WriteFile: There is not enough space on the disk. (0x70)
[0606/171039.947:ERROR:file_io.cc(134)] WriteFile: There is not enough space on the disk. (0x70)
[0606/171039.947:ERROR:file_io.cc(134)] WriteFile: There is not enough space on the disk. (0x70)
[0606/171039.947:ERROR:file_io.cc(134)] WriteFile: There is not enough space on the disk. (0x70)
[0606/171039.947:ERROR:file_io.cc(134)] WriteFile: There is not enough space on the disk. (0x70)
[0606/171039.947:ERROR:file_io.cc(134)] WriteFile: There is not enough space on the disk. (0x70)
[0606/171039.947:ERROR:file_io.cc(134)] WriteFile: There is not enough space on the disk. (0x70)
[0606/171039.947:ERROR:crash_report_exception_handler.cc(111)] WriteEverything failed
[0606/171039.947:ERROR:filesystem_win.cc(148)] DeleteFile C:\Users\iqra ilyas\AppData\Local\AVAST Software\Browser\User Data\Crashpad\reports\ea71790c-f39a-40ca-a1ef-81b6f614f5da.dmp: The process cannot access the file because it is being used by another process. (0x20)
[0606/173544.109:ERROR:crash_report_database_win.cc(469)] failed to stat report
[0606/174544.132:ERROR:crash_report_database_win.cc(469)] failed to stat report
[0606/174544.159:ERROR:crash_report_database_win.cc(469)] failed to stat report
[0606/175044.213:ERROR:crash_report_database_win.cc(469)] failed to stat report
[0606/180544.233:ERROR:crash_report_database_win.cc(469)] failed to stat report
[0606/182044.263:ERROR:crash_report_database_win.cc(469)] failed to stat report
[0606/183544.303:ERROR:crash_report_database_win.cc(469)] failed to stat report
[0606/185044.338:ERROR:crash_report_database_win.cc(469)] failed to stat report
[0606/190544.375:ERROR:crash_report_database_win.cc(469)] failed to stat report
[0606/191725.844:ERROR:crash_report_database_win.cc(469)] failed to stat report
[0606/192725.871:ERROR:crash_report_database_win.cc(469)] failed to stat report
[0606/192725.897:ERROR:crash_report_database_win.cc(469)] failed to stat report
[0606/193225.925:ERROR:crash_report_database_win.cc(469)] failed to stat report
[0606/194725.943:ERROR:crash_report_database_win.cc(469)] failed to stat report
[0606/200225.989:ERROR:crash_report_database_win.cc(469)] failed to stat report
[0606/201726.030:ERROR:crash_report_database_win.cc(469)] failed to stat report
[0606/203226.058:ERROR:crash_report_database_win.cc(469)] failed to stat report
[0606/204726.103:ERROR:crash_report_database_win.cc(469)] failed to stat report
[0606/210226.123:ERROR:crash_report_database_win.cc(469)] failed to stat report
[0606/211726.150:ERROR:crash_report_database_win.cc(469)] failed to stat report
[0606/211802.491:ERROR:crash_report_database_win.cc(469)] failed to stat report
[0606/213226.199:ERROR:crash_report_database_win.cc(469)] failed to stat report
[0606/214726.233:ERROR:crash_report_database_win.cc(469)] failed to stat report
[0606/220226.335:ERROR:crash_report_database_win.cc(469)] failed to stat report
[0606/221722.576:ERROR:crash_report_database_win.cc(469)] failed to stat report
[0606/222858.889:ERROR:crash_report_database_win.cc(469)] failed to stat report
[0606/222858.941:ERROR:crash_report_database_win.cc(469)] failed to stat report
[0606/222858.968:ERROR:crash_report_database_win.cc(469)] failed to stat report
[0606/222859.011:ERROR:crash_report_database_win.cc(469)] failed to stat report
[0606/224359.041:ERROR:crash_report_database_win.cc(469)] failed to stat report
[0606/225859.081:ERROR:crash_report_database_win.cc(469)] failed to stat report
[0606/231359.133:ERROR:crash_report_database_win.cc(469)] failed to stat report
[0606/232859.161:ERROR:crash_report_database_win.cc(469)] failed to stat report
[0606/234359.203:ERROR:crash_report_database_win.cc(469)] failed to stat report
[0606/235859.250:ERROR:crash_report_database_win.cc(469)] failed to stat report
[0607/001359.287:ERROR:crash_report_database_win.cc(469)] failed to stat report
[0607/002859.332:ERROR:crash_report_database_win.cc(469)] failed to stat report
[0607/004359.372:ERROR:crash_report_database_win.cc(469)] failed to stat report
[0607/005859.411:ERROR:crash_report_database_win.cc(469)] failed to stat report
[0607/011359.445:ERROR:crash_report_database_win.cc(469)] failed to stat report
[0607/012859.479:ERROR:crash_report_database_win.cc(469)] failed to stat report
[0607/014359.513:ERROR:crash_report_database_win.cc(469)] failed to stat report
[0607/015859.544:ERROR:crash_report_database_win.cc(469)] failed to stat report
[0607/021339.941:ERROR:process_info.cc(359)] UncheckedAllocate
[0607/021339.983:ERROR:crash_report_database_win.cc(469)] failed to stat report
[0607/021340.040:ERROR:crash_report_database_win.cc(469)] failed to stat report
[0607/021340.072:ERROR:crash_report_database_win.cc(469)] failed to stat report
[0607/021340.121:ERROR:crash_report_database_win.cc(469)] failed to stat report
[0607/021340.348:ERROR:crash_report_database_win.cc(469)] failed to stat report
[0607/021340.389:ERROR:crash_report_database_win.cc(469)] failed to stat report
[0607/021340.424:ERROR:crash_report_database_win.cc(469)] failed to stat report
[0607/021340.475:ERROR:crash_report_database_win.cc(469)] failed to stat report
[0607/120814.309:ERROR:crash_report_database_win.cc(469)] failed to stat report
[0607/164803.679:ERROR:crash_report_database_win.cc(469)] failed to stat report
[0607/182950.427:ERROR:crash_report_database_win.cc(469)] failed to stat report
[0607/183950.415:ERROR:crash_report_database_win.cc(469)] failed to stat report
[0607/183950.442:ERROR:crash_report_database_win.cc(469)] failed to stat report
[0607/184450.528:ERROR:crash_report_database_win.cc(469)] failed to stat report
[0607/185950.572:ERROR:crash_report_database_win.cc(469)] failed to stat report
[0607/191413.495:ERROR:crash_report_database_win.cc(469)] failed to stat report
[0607/191413.548:ERROR:crash_report_database_win.cc(469)] failed to stat report
[0607/191413.580:ERROR:crash_report_database_win.cc(469)] failed to stat report
[0607/191413.631:ERROR:crash_report_database_win.cc(469)] failed to stat report
[0607/192913.662:ERROR:crash_report_database_win.cc(469)] failed to stat report
[0607/194413.712:ERROR:crash_report_database_win.cc(469)] failed to stat report
[0607/195913.743:ERROR:crash_report_database_win.cc(469)] failed to stat report
[0607/200131.084:ERROR:crash_report_database_win.cc(469)] failed to stat report
[0607/200131.157:ERROR:crash_report_database_win.cc(469)] failed to stat report
[0607/200131.192:ERROR:crash_report_database_win.cc(469)] failed to stat report
[0607/200131.238:ERROR:crash_report_database_win.cc(469)] failed to stat report
[0608/093623.404:ERROR:crash_report_database_win.cc(469)] failed to stat report
